2024-05-18T14:56:09.584+01:00 ERROR 9420 --- [logging] [main] c.example.loggers.MyApplicationRunner    : Errur occurred: / by zero
2024-05-18T14:56:47.093+01:00 ERROR 1292 --- [logging] [main] c.example.loggers.MyApplicationRunner    : Errur occurred: / by zero
2024-05-18T15:08:59.054+01:00 ERROR 15912 --- [logging] [main] c.example.loggers.MyApplicationRunner    : Errur occurred: / by zero
2024-05-18 ERROR [%PARSER_ERROR[pid]]---[main] com.example.loggers.MyApplicationRunner - Errur occurred: / by zero
2024-05-18 ERROR [%PARSER_ERROR[pid]]---[main] com.example.loggers.MyApplicationRunner - Errur occurred: / by zero
2024-05-18 ERROR [%PARSER_ERROR[pid]]---[main] com.example.loggers.MyApplicationRunner - Errur occurred: / by zero
2024-05-18 ERROR [%PARSER_ERROR[pid]]---[main] com.example.loggers.MyApplicationRunner - Errur occurred: / by zero
2024-05-18 ERROR [%PARSER_ERROR[pid]]---[main] com.example.loggers.MyApplicationRunner - Errur occurred: / by zero
2024-05-18 ERROR [%PARSER_ERROR[pid]]---[main] com.example.loggers.MyApplicationRunner - Errur occurred: / by zero
2024-05-18 WARN  [%PARSER_ERROR[pid]]---[main] org.springframework.boot.web.servlet.context.AnnotationConfigServletWebServerApplicationContext - Exception encountered during context initialization - cancelling refresh attempt: org.springframework.context.ApplicationContextException: Failed to start bean 'webServerStartStop'
2024-05-18 ERROR [%PARSER_ERROR[pid]]---[main] org.springframework.boot.diagnostics.LoggingFailureAnalysisReporter - 

***************************
APPLICATION FAILED TO START
***************************

Description:

Web server failed to start. Port 8085 was already in use.

Action:

Identify and stop the process that's listening on port 8085 or configure this application to listen on another port.

2024-05-18 ERROR [%PARSER_ERROR[pid]]---[main] com.example.loggers.MyApplicationRunner - Errur occurred: / by zero
2024-05-18 WARN  [%PARSER_ERROR[pid]]---[main] org.springframework.boot.web.servlet.context.AnnotationConfigServletWebServerApplicationContext - Exception encountered during context initialization - cancelling refresh attempt: org.springframework.context.ApplicationContextException: Failed to start bean 'webServerStartStop'
2024-05-18 ERROR [%PARSER_ERROR[pid]]---[main] org.springframework.boot.diagnostics.LoggingFailureAnalysisReporter - 

***************************
APPLICATION FAILED TO START
***************************

Description:

Web server failed to start. Port 8086 was already in use.

Action:

Identify and stop the process that's listening on port 8086 or configure this application to listen on another port.

2024-05-18 ERROR [%PARSER_ERROR[pid]]---[main] com.example.loggers.MyApplicationRunner - Errur occurred: / by zero
2024-05-18 INFO  [%PARSER_ERROR[pid]]---[main] com.example.logging.LoggingApplication - Starting LoggingApplication using Java 17.0.10 with PID 11772 (C:\Users\Oussama_M\Documents\GitHub\Labs-Spring-Boot-for-campusna-\LAB 2\logging\target\classes started by Oussama_M in C:\Users\Oussama_M\Documents\GitHub\Labs-Spring-Boot-for-campusna-\LAB 2)
2024-05-18 INFO  [%PARSER_ERROR[pid]]---[main] com.example.logging.LoggingApplication - No active profile set, falling back to 1 default profile: "default"
2024-05-18 INFO  [%PARSER_ERROR[pid]]---[main] org.springframework.boot.web.embedded.tomcat.TomcatWebServer - Tomcat initialized with port 8085 (http)
2024-05-18 INFO  [%PARSER_ERROR[pid]]---[main] org.apache.catalina.core.StandardService - Starting service [Tomcat]
2024-05-18 INFO  [%PARSER_ERROR[pid]]---[main] org.apache.catalina.core.StandardEngine - Starting Servlet engine: [Apache Tomcat/10.1.20]
2024-05-18 INFO  [%PARSER_ERROR[pid]]---[main] org.apache.catalina.core.ContainerBase.[Tomcat].[localhost].[/] - Initializing Spring embedded WebApplicationContext
2024-05-18 INFO  [%PARSER_ERROR[pid]]---[main] org.springframework.boot.web.servlet.context.ServletWebServerApplicationContext - Root WebApplicationContext: initialization completed in 1247 ms
2024-05-18 INFO  [%PARSER_ERROR[pid]]---[main] org.springframework.boot.actuate.endpoint.web.EndpointLinksResolver - Exposing 1 endpoint(s) beneath base path '/actuator'
2024-05-18 WARN  [%PARSER_ERROR[pid]]---[main] org.springframework.boot.web.servlet.context.AnnotationConfigServletWebServerApplicationContext - Exception encountered during context initialization - cancelling refresh attempt: org.springframework.context.ApplicationContextException: Failed to start bean 'webServerStartStop'
2024-05-18 INFO  [%PARSER_ERROR[pid]]---[main] org.springframework.boot.autoconfigure.logging.ConditionEvaluationReportLogger - 

Error starting ApplicationContext. To display the condition evaluation report re-run your application with 'debug' enabled.
2024-05-18 ERROR [%PARSER_ERROR[pid]]---[main] org.springframework.boot.diagnostics.LoggingFailureAnalysisReporter - 

***************************
APPLICATION FAILED TO START
***************************

Description:

Web server failed to start. Port 8085 was already in use.

Action:

Identify and stop the process that's listening on port 8085 or configure this application to listen on another port.

2024-05-18 INFO  [%PARSER_ERROR[pid]]---[main] com.example.logging.LoggingApplication - Starting LoggingApplication using Java 17.0.10 with PID 12608 (C:\Users\Oussama_M\Documents\GitHub\Labs-Spring-Boot-for-campusna-\LAB 2\logging\target\classes started by Oussama_M in C:\Users\Oussama_M\Documents\GitHub\Labs-Spring-Boot-for-campusna-\LAB 2)
2024-05-18 INFO  [%PARSER_ERROR[pid]]---[main] com.example.logging.LoggingApplication - No active profile set, falling back to 1 default profile: "default"
2024-05-18 INFO  [%PARSER_ERROR[pid]]---[main] org.springframework.boot.web.embedded.tomcat.TomcatWebServer - Tomcat initialized with port 8085 (http)
2024-05-18 INFO  [%PARSER_ERROR[pid]]---[main] org.apache.catalina.core.StandardService - Starting service [Tomcat]
2024-05-18 INFO  [%PARSER_ERROR[pid]]---[main] org.apache.catalina.core.StandardEngine - Starting Servlet engine: [Apache Tomcat/10.1.20]
2024-05-18 INFO  [%PARSER_ERROR[pid]]---[main] org.apache.catalina.core.ContainerBase.[Tomcat].[localhost].[/] - Initializing Spring embedded WebApplicationContext
2024-05-18 INFO  [%PARSER_ERROR[pid]]---[main] org.springframework.boot.web.servlet.context.ServletWebServerApplicationContext - Root WebApplicationContext: initialization completed in 1127 ms
2024-05-18 INFO  [%PARSER_ERROR[pid]]---[main] org.springframework.boot.actuate.endpoint.web.EndpointLinksResolver - Exposing 1 endpoint(s) beneath base path '/actuator'
2024-05-18 INFO  [%PARSER_ERROR[pid]]---[main] org.springframework.boot.web.embedded.tomcat.TomcatWebServer - Tomcat started on port 8085 (http) with context path ''
2024-05-18 INFO  [%PARSER_ERROR[pid]]---[main] com.example.logging.LoggingApplication - Started LoggingApplication in 2.313 seconds (process running for 2.786)
2024-05-18 INFO  [%PARSER_ERROR[pid]]---[main] com.example.loggers.MyApplicationRunner - Application started
2024-05-18 ERROR [%PARSER_ERROR[pid]]---[main] com.example.loggers.MyApplicationRunner - Errur occurred: / by zero
2024-05-18 INFO  [%PARSER_ERROR[pid]]---[main] com.example.loggers.MyApplicationRunner - Application finished
2024-05-18 INFO  [%PARSER_ERROR[pid]]---[RMI TCP Connection(2)-127.0.0.1] org.apache.catalina.core.ContainerBase.[Tomcat].[localhost].[/] - Initializing Spring DispatcherServlet 'dispatcherServlet'
2024-05-18 INFO  [%PARSER_ERROR[pid]]---[RMI TCP Connection(2)-127.0.0.1] org.springframework.web.servlet.DispatcherServlet - Initializing Servlet 'dispatcherServlet'
2024-05-18 INFO  [%PARSER_ERROR[pid]]---[RMI TCP Connection(2)-127.0.0.1] org.springframework.web.servlet.DispatcherServlet - Completed initialization in 1 ms
2024-05-18 INFO  [%PARSER_ERROR[pid]]---[main] com.example.logging.LoggingApplication - Starting LoggingApplication using Java 17.0.10 with PID 9664 (C:\Users\Oussama_M\Documents\GitHub\Labs-Spring-Boot-for-campusna-\LAB 2\logging\target\classes started by Oussama_M in C:\Users\Oussama_M\Documents\GitHub\Labs-Spring-Boot-for-campusna-\LAB 2)
2024-05-18 INFO  [%PARSER_ERROR[pid]]---[main] com.example.logging.LoggingApplication - No active profile set, falling back to 1 default profile: "default"
2024-05-18 INFO  [%PARSER_ERROR[pid]]---[main] org.springframework.boot.web.embedded.tomcat.TomcatWebServer - Tomcat initialized with port 8085 (http)
2024-05-18 INFO  [%PARSER_ERROR[pid]]---[main] org.apache.catalina.core.StandardService - Starting service [Tomcat]
2024-05-18 INFO  [%PARSER_ERROR[pid]]---[main] org.apache.catalina.core.StandardEngine - Starting Servlet engine: [Apache Tomcat/10.1.20]
2024-05-18 INFO  [%PARSER_ERROR[pid]]---[main] org.apache.catalina.core.ContainerBase.[Tomcat].[localhost].[/] - Initializing Spring embedded WebApplicationContext
2024-05-18 INFO  [%PARSER_ERROR[pid]]---[main] org.springframework.boot.web.servlet.context.ServletWebServerApplicationContext - Root WebApplicationContext: initialization completed in 1271 ms
2024-05-18 INFO  [%PARSER_ERROR[pid]]---[main] org.springframework.boot.actuate.endpoint.web.EndpointLinksResolver - Exposing 1 endpoint(s) beneath base path '/actuator'
2024-05-18 INFO  [%PARSER_ERROR[pid]]---[main] org.springframework.boot.web.embedded.tomcat.TomcatWebServer - Tomcat started on port 8085 (http) with context path ''
2024-05-18 INFO  [%PARSER_ERROR[pid]]---[main] com.example.logging.LoggingApplication - Started LoggingApplication in 2.456 seconds (process running for 2.967)
2024-05-18 INFO  [%PARSER_ERROR[pid]]---[main] com.example.loggers.MyApplicationRunner - Application started
